#
# There is insufficient memory for the Java Runtime Environment to continue.
# Native memory allocation (malloc) failed to allocate 331856 bytes for Chunk::new
# Possible reasons:
#   The system is out of physical RAM or swap space
#   In 32 bit mode, the process size limit was hit
# Possible solutions:
#   Reduce memory load on the system
#   Increase physical memory or swap space
#   Check if swap backing store is full
#   Use 64 bit Java on a 64 bit OS
#   Decrease Java heap size (-Xmx/-Xms)
#   Decrease number of Java threads
#   Decrease Java thread stack sizes (-Xss)
#   Set larger code cache with -XX:ReservedCodeCacheSize=
# This output file may be truncated or incomplete.
#
#  Out of Memory Error (allocation.cpp:390), pid=11700, tid=0x0000000000002fdc
#
# JRE version: Java(TM) SE Runtime Environment (8.0_131-b11) (build 1.8.0_131-b11)
# Java VM: Java HotSpot(TM) 64-Bit Server VM (25.131-b11 mixed mode windows-amd64 compressed oops)
# Failed to write core dump. Minidumps are not enabled by default on client versions of Windows
#

---------------  T H R E A D  ---------------

Current thread (0x0000000058973000):  JavaThread "C2 CompilerThread0" daemon [_thread_in_native, id=12252, stack(0x0000000059090000,0x0000000059190000)]

Stack: [0x0000000059090000,0x0000000059190000]
[error occurred during error reporting (printing stack bounds), id 0xc0000005]

Native frames: (J=compiled Java code, j=interpreted, Vv=VM code, C=native code)


Current CompileTask:
C2:   7996 3916       4       java.net.URLClassLoader$1::run (5 bytes)


---------------  P R O C E S S  ---------------

Java Threads: ( => current thread )
  0x000000005a66a800 JavaThread "background-preinit" [_thread_in_native, id=7160, stack(0x0000000060070000,0x0000000060170000)]
  0x000000005e63f800 JavaThread "main" [_thread_blocked, id=9928, stack(0x000000005fba0000,0x000000005fca0000)]
  0x00000000589ed800 JavaThread "Service Thread" daemon [_thread_blocked, id=11664, stack(0x00000000594a0000,0x00000000595a0000)]
  0x00000000575de000 JavaThread "C1 CompilerThread2" daemon [_thread_blocked, id=10568, stack(0x0000000058770000,0x0000000058870000)]
  0x000000005897a800 JavaThread "C2 CompilerThread1" daemon [_thread_in_native, id=10000, stack(0x00000000592b0000,0x00000000593b0000)]
=>0x0000000058973000 JavaThread "C2 CompilerThread0" daemon [_thread_in_native, id=12252, stack(0x0000000059090000,0x0000000059190000)]
  0x00000000575d4800 JavaThread "Attach Listener" daemon [_thread_blocked, id=10984, stack(0x0000000058e40000,0x0000000058f40000)]
  0x00000000575d3000 JavaThread "Signal Dispatcher" daemon [_thread_blocked, id=6928, stack(0x0000000058f40000,0x0000000059040000)]
  0x00000000575b9800 JavaThread "Finalizer" daemon [_thread_blocked, id=4748, stack(0x0000000058870000,0x0000000058970000)]
  0x0000000057572800 JavaThread "Reference Handler" daemon [_thread_blocked, id=6840, stack(0x0000000058660000,0x0000000058760000)]
  0x0000000001f09000 JavaThread "main" [_thread_blocked, id=11064, stack(0x0000000002530000,0x0000000002630000)]

Other Threads:
  0x000000005756b000 VMThread [stack: 0x0000000058520000,0x0000000058620000] [id=7040]
  0x00000000589f5000 WatcherThread [stack: 0x0000000059720000,0x0000000059820000] [id=2540]

VM state:not at safepoint (normal execution)

VM Mutex/Monitor currently owned by a thread: None

Heap:
 PSYoungGen      total 144384K, used 75307K [0x00000000d6400000, 0x00000000dfe00000, 0x0000000100000000)
  eden space 131072K, 57% used [0x00000000d6400000,0x00000000dad8af30,0x00000000de400000)
  from space 13312K, 0% used [0x00000000de400000,0x00000000de400000,0x00000000df100000)
  to   space 13312K, 0% used [0x00000000df100000,0x00000000df100000,0x00000000dfe00000)
 ParOldGen       total 76288K, used 24180K [0x0000000082c00000, 0x0000000087680000, 0x00000000d6400000)
  object space 76288K, 31% used [0x0000000082c00000,0x000000008439d338,0x0000000087680000)
 Metaspace       used 30161K, capacity 30724K, committed 31104K, reserved 1077248K
  class space    used 3673K, capacity 3842K, committed 3968K, reserved 1048576K

Card table byte_map: [0x0000000011cc0000,0x00000000120b0000] byte_map_base: 0x00000000118aa000

Marking Bits: (ParMarkBitMap*) 0x000000006665c720
 Begin Bits: [0x0000000012950000, 0x00000000148a0000)
 End Bits:   [0x00000000148a0000, 0x00000000167f0000)

Polling page: 0x0000000000330000

CodeCache: size=245760Kb used=12614Kb max_used=13340Kb free=233145Kb
 bounds [0x0000000002900000, 0x0000000003630000, 0x0000000011900000]
 total_blobs=4196 nmethods=3796 adapters=312
 compilation: enabled

Compilation events (10 events):
Event: 7.868 Thread 0x00000000575de000 4282       2       com.sun.org.apache.xerces.internal.parsers.AbstractSAXParser$AttributesProxy::setAttributes (6 bytes)
Event: 7.868 Thread 0x00000000575de000 nmethod 4282 0x0000000002ce9b50 code [0x0000000002ce9ca0, 0x0000000002ce9e10]
Event: 7.868 Thread 0x00000000575de000 4283       2       org.apache.tomcat.util.digester.RulesBase::lookup (104 bytes)
Event: 7.869 Thread 0x00000000575de000 nmethod 4283 0x0000000002d97d10 code [0x0000000002d97ee0, 0x0000000002d98438]
Event: 7.869 Thread 0x00000000575de000 4284       2       com.sun.org.apache.xerces.internal.impl.XMLDocumentFragmentScannerImpl$ElementStack::popElement (59 bytes)
Event: 7.869 Thread 0x00000000575de000 nmethod 4284 0x0000000002d977d0 code [0x0000000002d97940, 0x0000000002d97b50]
Event: 7.869 Thread 0x00000000575de000 4277       1       java.util.concurrent.locks.ReentrantReadWriteLock::readLock (5 bytes)
Event: 7.869 Thread 0x00000000575de000 nmethod 4277 0x0000000002ce9890 code [0x0000000002ce99e0, 0x0000000002ce9af0]
Event: 7.869 Thread 0x00000000575de000 4279       1       org.apache.tomcat.util.modeler.FeatureInfo::getType (5 bytes)
Event: 7.869 Thread 0x00000000575de000 nmethod 4279 0x0000000002ce95d0 code [0x0000000002ce9720, 0x0000000002ce9830]

GC Heap History (10 events):
Event: 2.462 GC heap before
{Heap before GC invocations=4 (full 0):
 PSYoungGen      total 37888K, used 37872K [0x00000000d6400000, 0x00000000dae00000, 0x0000000100000000)
  eden space 32768K, 100% used [0x00000000d6400000,0x00000000d8400000,0x00000000d8400000)
  from space 5120K, 99% used [0x00000000d8400000,0x00000000d88fc030,0x00000000d8900000)
  to   space 5120K, 0% used [0x00000000da900000,0x00000000da900000,0x00000000dae00000)
 ParOldGen       total 86016K, used 6313K [0x0000000082c00000, 0x0000000088000000, 0x00000000d6400000)
  object space 86016K, 7% used [0x0000000082c00000,0x000000008322a500,0x0000000088000000)
 Metaspace       used 15284K, capacity 15482K, committed 15872K, reserved 1062912K
  class space    used 1849K, capacity 1945K, committed 2048K, reserved 1048576K
Event: 2.478 GC heap after
Heap after GC invocations=4 (full 0):
 PSYoungGen      total 70656K, used 5088K [0x00000000d6400000, 0x00000000dae00000, 0x0000000100000000)
  eden space 65536K, 0% used [0x00000000d6400000,0x00000000d6400000,0x00000000da400000)
  from space 5120K, 99% used [0x00000000da900000,0x00000000dadf8020,0x00000000dae00000)
  to   space 5120K, 0% used [0x00000000da400000,0x00000000da400000,0x00000000da900000)
 ParOldGen       total 86016K, used 10703K [0x0000000082c00000, 0x0000000088000000, 0x00000000d6400000)
  object space 86016K, 12% used [0x0000000082c00000,0x0000000083673ca8,0x0000000088000000)
 Metaspace       used 15284K, capacity 15482K, committed 15872K, reserved 1062912K
  class space    used 1849K, capacity 1945K, committed 2048K, reserved 1048576K
}
Event: 3.307 GC heap before
{Heap before GC invocations=5 (full 0):
 PSYoungGen      total 70656K, used 70624K [0x00000000d6400000, 0x00000000dae00000, 0x0000000100000000)
  eden space 65536K, 100% used [0x00000000d6400000,0x00000000da400000,0x00000000da400000)
  from space 5120K, 99% used [0x00000000da900000,0x00000000dadf8020,0x00000000dae00000)
  to   space 5120K, 0% used [0x00000000da400000,0x00000000da400000,0x00000000da900000)
 ParOldGen       total 86016K, used 10703K [0x0000000082c00000, 0x0000000088000000, 0x00000000d6400000)
  object space 86016K, 12% used [0x0000000082c00000,0x0000000083673ca8,0x0000000088000000)
 Metaspace       used 15839K, capacity 16108K, committed 16384K, reserved 1062912K
  class space    used 1879K, capacity 1980K, committed 2048K, reserved 1048576K
Event: 3.326 GC heap after
Heap after GC invocations=5 (full 0):
 PSYoungGen      total 70656K, used 5088K [0x00000000d6400000, 0x00000000dfe00000, 0x0000000100000000)
  eden space 65536K, 0% used [0x00000000d6400000,0x00000000d6400000,0x00000000da400000)
  from space 5120K, 99% used [0x00000000da400000,0x00000000da8f8020,0x00000000da900000)
  to   space 13312K, 0% used [0x00000000df100000,0x00000000df100000,0x00000000dfe00000)
 ParOldGen       total 86016K, used 17280K [0x0000000082c00000, 0x0000000088000000, 0x00000000d6400000)
  object space 86016K, 20% used [0x0000000082c00000,0x0000000083ce0378,0x0000000088000000)
 Metaspace       used 15839K, capacity 16108K, committed 16384K, reserved 1062912K
  class space    used 1879K, capacity 1980K, committed 2048K, reserved 1048576K
}
Event: 4.448 GC heap before
{Heap before GC invocations=6 (full 0):
 PSYoungGen      total 70656K, used 70624K [0x00000000d6400000, 0x00000000dfe00000, 0x0000000100000000)
  eden space 65536K, 100% used [0x00000000d6400000,0x00000000da400000,0x00000000da400000)
  from space 5120K, 99% used [0x00000000da400000,0x00000000da8f8020,0x00000000da900000)
  to   space 13312K, 0% used [0x00000000df100000,0x00000000df100000,0x00000000dfe00000)
 ParOldGen       total 86016K, used 17280K [0x0000000082c00000, 0x0000000088000000, 0x00000000d6400000)
  object space 86016K, 20% used [0x0000000082c00000,0x0000000083ce0378,0x0000000088000000)
 Metaspace       used 17196K, capacity 17644K, committed 17792K, reserved 1064960K
  class space    used 1996K, capacity 2128K, committed 2176K, reserved 1048576K
Event: 4.609 GC heap after
Heap after GC invocations=6 (full 0):
 PSYoungGen      total 144384K, used 9711K [0x00000000d6400000, 0x00000000dfe00000, 0x0000000100000000)
  eden space 131072K, 0% used [0x00000000d6400000,0x00000000d6400000,0x00000000de400000)
  from space 13312K, 72% used [0x00000000df100000,0x00000000dfa7bdc0,0x00000000dfe00000)
  to   space 13312K, 0% used [0x00000000de400000,0x00000000de400000,0x00000000df100000)
 ParOldGen       total 86016K, used 17288K [0x0000000082c00000, 0x0000000088000000, 0x00000000d6400000)
  object space 86016K, 20% used [0x0000000082c00000,0x0000000083ce2378,0x0000000088000000)
 Metaspace       used 17196K, capacity 17644K, committed 17792K, reserved 1064960K
  class space    used 1996K, capacity 2128K, committed 2176K, reserved 1048576K
}
Event: 6.076 GC heap before
{Heap before GC invocations=7 (full 0):
 PSYoungGen      total 144384K, used 66370K [0x00000000d6400000, 0x00000000dfe00000, 0x0000000100000000)
  eden space 131072K, 43% used [0x00000000d6400000,0x00000000d9b54b20,0x00000000de400000)
  from space 13312K, 72% used [0x00000000df100000,0x00000000dfa7bdc0,0x00000000dfe00000)
  to   space 13312K, 0% used [0x00000000de400000,0x00000000de400000,0x00000000df100000)
 ParOldGen       total 86016K, used 17288K [0x0000000082c00000, 0x0000000088000000, 0x00000000d6400000)
  object space 86016K, 20% used [0x0000000082c00000,0x0000000083ce2378,0x0000000088000000)
 Metaspace       used 20536K, capacity 21062K, committed 21296K, reserved 1069056K
  class space    used 2462K, capacity 2605K, committed 2688K, reserved 1048576K
Event: 6.100 GC heap after
Heap after GC invocations=7 (full 0):
 PSYoungGen      total 144384K, used 12661K [0x00000000d6400000, 0x00000000dfe00000, 0x0000000100000000)
  eden space 131072K, 0% used [0x00000000d6400000,0x00000000d6400000,0x00000000de400000)
  from space 13312K, 95% used [0x00000000de400000,0x00000000df05d490,0x00000000df100000)
  to   space 13312K, 0% used [0x00000000df100000,0x00000000df100000,0x00000000dfe00000)
 ParOldGen       total 86016K, used 18666K [0x0000000082c00000, 0x0000000088000000, 0x00000000d6400000)
  object space 86016K, 21% used [0x0000000082c00000,0x0000000083e3aba8,0x0000000088000000)
 Metaspace       used 20536K, capacity 21062K, committed 21296K, reserved 1069056K
  class space    used 2462K, capacity 2605K, committed 2688K, reserved 1048576K
}
Event: 6.100 GC heap before
{Heap before GC invocations=8 (full 1):
 PSYoungGen      total 144384K, used 12661K [0x00000000d6400000, 0x00000000dfe00000, 0x0000000100000000)
  eden space 131072K, 0% used [0x00000000d6400000,0x00000000d6400000,0x00000000de400000)
  from space 13312K, 95% used [0x00000000de400000,0x00000000df05d490,0x00000000df100000)
  to   space 13312K, 0% used [0x00000000df100000,0x00000000df100000,0x00000000dfe00000)
 ParOldGen       total 86016K, used 18666K [0x0000000082c00000, 0x0000000088000000, 0x00000000d6400000)
  object space 86016K, 21% used [0x0000000082c00000,0x0000000083e3aba8,0x0000000088000000)
 Metaspace       used 20536K, capacity 21062K, committed 21296K, reserved 1069056K
  class space    used 2462K, capacity 2605K, committed 2688K, reserved 1048576K
Event: 6.234 GC heap after
Heap after GC invocations=8 (full 1):
 PSYoungGen      total 144384K, used 0K [0x00000000d6400000, 0x00000000dfe00000, 0x0000000100000000)
  eden space 131072K, 0% used [0x00000000d6400000,0x00000000d6400000,0x00000000de400000)
  from space 13312K, 0% used [0x00000000de400000,0x00000000de400000,0x00000000df100000)
  to   space 13312K, 0% used [0x00000000df100000,0x00000000df100000,0x00000000dfe00000)
 ParOldGen       total 76288K, used 24180K [0x0000000082c00000, 0x0000000087680000, 0x00000000d6400000)
  object space 76288K, 31% used [0x0000000082c00000,0x000000008439d338,0x0000000087680000)
 Metaspace       used 20536K, capacity 21062K, committed 21296K, reserved 1069056K
  class space    used 2462K, capacity 2605K, committed 2688K, reserved 1048576K
}

Deoptimization events (10 events):
Event: 7.442 Thread 0x000000005a66a800 Uncommon trap: reason=unstable_if action=reinterpret pc=0x0000000002f30040 method=java.util.Properties$LineReader.readLine()I @ 200
Event: 7.455 Thread 0x000000005a66a800 Uncommon trap: reason=unstable_if action=reinterpret pc=0x00000000035dd3dc method=java.util.Properties$LineReader.readLine()I @ 200
Event: 7.735 Thread 0x000000005a66a800 Uncommon trap: reason=class_check action=maybe_recompile pc=0x0000000002f7a824 method=java.util.Hashtable.get(Ljava/lang/Object;)Ljava/lang/Object; @ 6
Event: 7.736 Thread 0x000000005a66a800 Uncommon trap: reason=class_check action=maybe_recompile pc=0x0000000003213898 method=java.util.Hashtable.put(Ljava/lang/Object;Ljava/lang/Object;)Ljava/lang/Object; @ 18
Event: 7.736 Thread 0x000000005a66a800 Uncommon trap: reason=class_check action=maybe_recompile pc=0x0000000002f7a824 method=java.util.Hashtable.get(Ljava/lang/Object;)Ljava/lang/Object; @ 6
Event: 7.736 Thread 0x000000005a66a800 Uncommon trap: reason=class_check action=maybe_recompile pc=0x0000000002f7a824 method=java.util.Hashtable.get(Ljava/lang/Object;)Ljava/lang/Object; @ 6
Event: 7.736 Thread 0x000000005a66a800 Uncommon trap: reason=class_check action=maybe_recompile pc=0x0000000002f7a824 method=java.util.Hashtable.get(Ljava/lang/Object;)Ljava/lang/Object; @ 6
Event: 7.739 Thread 0x000000005a66a800 Uncommon trap: reason=class_check action=maybe_recompile pc=0x0000000003213898 method=java.util.Hashtable.put(Ljava/lang/Object;Ljava/lang/Object;)Ljava/lang/Object; @ 18
Event: 7.740 Thread 0x000000005a66a800 Uncommon trap: reason=class_check action=maybe_recompile pc=0x0000000003213898 method=java.util.Hashtable.put(Ljava/lang/Object;Ljava/lang/Object;)Ljava/lang/Object; @ 18
Event: 7.756 Thread 0x000000005a66a800 Uncommon trap: reason=class_check action=maybe_recompile pc=0x0000000003213898 method=java.util.Hashtable.put(Ljava/lang/Object;Ljava/lang/Object;)Ljava/lang/Object; @ 18

Internal exceptions (10 events):
Event: 7.672 Thread 0x000000005e63f800 Exception <a 'java/lang/ClassNotFoundException': org/springframework/beans/factory/InitializingBeanCustomizer> (0x00000000da3fc618) thrown at [C:\re\workspace\8-2-build-windows-amd64-cygwin\jdk8u131\8869\hotspot\src\share\vm\classfile\systemDictionary.cpp
Event: 7.672 Thread 0x000000005e63f800 Exception <a 'java/lang/ClassNotFoundException': org/springframework/beans/factory/DisposableBeanCustomizer> (0x00000000da40bda8) thrown at [C:\re\workspace\8-2-build-windows-amd64-cygwin\jdk8u131\8869\hotspot\src\share\vm\classfile\systemDictionary.cpp, 
Event: 7.672 Thread 0x000000005e63f800 Exception <a 'java/lang/ClassNotFoundException': org/springframework/context/ApplicationListenerCustomizer> (0x00000000da41b460) thrown at [C:\re\workspace\8-2-build-windows-amd64-cygwin\jdk8u131\8869\hotspot\src\share\vm\classfile\systemDictionary.cpp, l
Event: 7.673 Thread 0x000000005e63f800 Exception <a 'java/lang/ClassNotFoundException': org/springframework/core/PriorityOrderedCustomizer> (0x00000000da429bb8) thrown at [C:\re\workspace\8-2-build-windows-amd64-cygwin\jdk8u131\8869\hotspot\src\share\vm\classfile\systemDictionary.cpp, line 210
Event: 7.682 Thread 0x000000005e63f800 Exception <a 'java/lang/ClassNotFoundException': java/lang/ObjectCustomizer> (0x00000000da498a18) thrown at [C:\re\workspace\8-2-build-windows-amd64-cygwin\jdk8u131\8869\hotspot\src\share\vm\classfile\systemDictionary.cpp, line 210]
Event: 7.683 Thread 0x000000005e63f800 Exception <a 'java/lang/ClassNotFoundException': org/springframework/cloud/autoconfigure/ConfigurationPropertiesRebinderAutoConfigurationCustomizer> (0x00000000da4b1f08) thrown at [C:\re\workspace\8-2-build-windows-amd64-cygwin\jdk8u131\8869\hotspot\src\s
Event: 7.683 Thread 0x000000005e63f800 Exception <a 'java/lang/ClassNotFoundException': org/springframework/cloud/autoconfigure/ConfigurationPropertiesRebinderAutoConfiguration$$EnhancerBySpringCGLIB$$28871220Customizer> (0x00000000da4d1608) thrown at [C:\re\workspace\8-2-build-windows-amd64-c
Event: 7.684 Thread 0x000000005e63f800 Exception <a 'java/lang/ClassNotFoundException': org/springframework/context/annotation/ConfigurationClassEnhancer$EnhancedConfigurationCustomizer> (0x00000000da4f17d8) thrown at [C:\re\workspace\8-2-build-windows-amd64-cygwin\jdk8u131\8869\hotspot\src\sh
Event: 7.684 Thread 0x000000005e63f800 Exception <a 'java/lang/ClassNotFoundException': org/springframework/context/ApplicationContextAwareCustomizer> (0x00000000da501498) thrown at [C:\re\workspace\8-2-build-windows-amd64-cygwin\jdk8u131\8869\hotspot\src\share\vm\classfile\systemDictionary.cp
Event: 7.685 Thread 0x000000005e63f800 Exception <a 'java/lang/ClassNotFoundException': org/springframework/beans/factory/SmartInitializingSingletonCustomizer> (0x00000000da513ac8) thrown at [C:\re\workspace\8-2-build-windows-amd64-cygwin\jdk8u131\8869\hotspot\src\share\vm\classfile\systemDict

Events (10 events):
Event: 7.740 loading class org/apache/tomcat/util/modeler/ManagedBean$1 done
Event: 7.741 loading class org/apache/tomcat/util/buf/StringUtils
Event: 7.741 loading class org/apache/tomcat/util/buf/StringUtils done
Event: 7.755 loading class java/util/function/UnaryOperator
Event: 7.755 loading class java/util/function/UnaryOperator done
Event: 7.755 loading class java/util/Spliterator
Event: 7.756 loading class java/util/Spliterator done
Event: 7.756 Thread 0x000000005a66a800 Uncommon trap: trap_request=0xffffffde fr.pc=0x0000000003213898
Event: 7.756 Thread 0x000000005a66a800 DEOPT PACKING pc=0x0000000003213898 sp=0x000000006016d8f0
Event: 7.756 Thread 0x000000005a66a800 DEOPT UNPACKING pc=0x000000000294582a sp=0x000000006016d8e0 mode 2


Dynamic libraries:
0x000000013f5b0000 - 0x000000013f5e7000 	C:\Program Files\Java\jdk1.8.0_131\bin\java.exe
0x00000000778d0000 - 0x0000000077a7a000 	C:\Windows\SYSTEM32\ntdll.dll
0x00000000777b0000 - 0x00000000778cf000 	C:\Windows\system32\kernel32.dll
0x000007fefd600000 - 0x000007fefd66a000 	C:\Windows\system32\KERNELBASE.dll
0x000007fefdea0000 - 0x000007fefdf7b000 	C:\Windows\system32\ADVAPI32.dll
0x000007feffad0000 - 0x000007feffb6f000 	C:\Windows\system32\msvcrt.dll
0x000007feff9c0000 - 0x000007feff9df000 	C:\Windows\SYSTEM32\sechost.dll
0x000007fefed20000 - 0x000007fefee4d000 	C:\Windows\system32\RPCRT4.dll
0x00000000776b0000 - 0x00000000777aa000 	C:\Windows\system32\USER32.dll
0x000007feffb70000 - 0x000007feffbd7000 	C:\Windows\system32\GDI32.dll
0x000007feff690000 - 0x000007feff69e000 	C:\Windows\system32\LPK.dll
0x000007fefeed0000 - 0x000007fefef9b000 	C:\Windows\system32\USP10.dll
0x000007fefbb00000 - 0x000007fefbcf4000 	C:\Windows\WinSxS\amd64_microsoft.windows.common-controls_6595b64144ccf1df_6.0.7601.18837_none_fa3b1e3d17594757\COMCTL32.dll
0x000007fefee50000 - 0x000007fefeec1000 	C:\Windows\system32\SHLWAPI.dll
0x000007feff6a0000 - 0x000007feff6ce000 	C:\Windows\system32\IMM32.DLL
0x000007fefdcb0000 - 0x000007fefddb9000 	C:\Windows\system32\MSCTF.dll
0x0000000070d50000 - 0x0000000070e22000 	C:\Program Files\Java\jdk1.8.0_131\jre\bin\msvcr100.dll
0x0000000065e40000 - 0x00000000666dc000 	C:\Program Files\Java\jdk1.8.0_131\jre\bin\server\jvm.dll
0x000007fef80b0000 - 0x000007fef80b9000 	C:\Windows\system32\WSOCK32.dll
0x000007feff9e0000 - 0x000007feffa2d000 	C:\Windows\system32\WS2_32.dll
0x000007fefed10000 - 0x000007fefed18000 	C:\Windows\system32\NSI.dll
0x000007fefb4b0000 - 0x000007fefb4eb000 	C:\Windows\system32\WINMM.dll
0x000007fefc670000 - 0x000007fefc67c000 	C:\Windows\system32\VERSION.dll
0x0000000077a90000 - 0x0000000077a97000 	C:\Windows\system32\PSAPI.DLL
0x0000000074260000 - 0x000000007426f000 	C:\Program Files\Java\jdk1.8.0_131\jre\bin\verify.dll
0x0000000071130000 - 0x0000000071159000 	C:\Program Files\Java\jdk1.8.0_131\jre\bin\java.dll
0x0000000071170000 - 0x0000000071186000 	C:\Program Files\Java\jdk1.8.0_131\jre\bin\zip.dll
0x000007fefdf80000 - 0x000007fefed0a000 	C:\Windows\system32\SHELL32.dll
0x000007feff210000 - 0x000007feff40c000 	C:\Windows\system32\ole32.dll
0x000007fefd5c0000 - 0x000007fefd5cf000 	C:\Windows\system32\profapi.dll
0x000007fee5810000 - 0x000007fee581a000 	D:\apache-maven-3.5.2\lib\jansi-native\windows64\jansi.dll
0x0000000071110000 - 0x000000007112a000 	C:\Program Files\Java\jdk1.8.0_131\jre\bin\net.dll
0x000007fefcd90000 - 0x000007fefcde5000 	C:\Windows\system32\mswsock.dll
0x000007fefcd80000 - 0x000007fefcd87000 	C:\Windows\System32\wship6.dll
0x00000000710f0000 - 0x0000000071101000 	C:\Program Files\Java\jdk1.8.0_131\jre\bin\nio.dll
0x000007fefaa10000 - 0x000007fefaa37000 	C:\Windows\system32\IPHLPAPI.DLL
0x000007fefa9f0000 - 0x000007fefa9fb000 	C:\Windows\system32\WINNSI.DLL
0x000007fefa290000 - 0x000007fefa2a8000 	C:\Windows\system32\dhcpcsvc.DLL
0x000007fefa270000 - 0x000007fefa281000 	C:\Windows\system32\dhcpcsvc6.DLL
0x000007fefcc10000 - 0x000007fefcc6b000 	C:\Windows\system32\DNSAPI.dll
0x000007fefc740000 - 0x000007fefc747000 	C:\Windows\System32\wshtcpip.dll
0x000007fee6ab0000 - 0x000007fee6ab8000 	C:\Windows\system32\rasadhlp.dll
0x000007fefa6a0000 - 0x000007fefa6f3000 	C:\Windows\System32\fwpuclnt.dll
0x0000000074250000 - 0x000000007425d000 	C:\Program Files\Java\jdk1.8.0_131\jre\bin\management.dll
0x000007fefb120000 - 0x000007fefb135000 	C:\Windows\system32\NLAapi.dll
0x000007feeb9f0000 - 0x000007feeba05000 	C:\Windows\system32\napinsp.dll
0x000007feeb9d0000 - 0x000007feeb9e9000 	C:\Windows\system32\pnrpnsp.dll
0x000007feeb9c0000 - 0x000007feeb9cb000 	C:\Windows\System32\winrnr.dll
0x000007feeb8c0000 - 0x000007feeb8d0000 	C:\Windows\system32\wshbth.dll

VM Arguments:
jvm_args: -Dclassworlds.conf=D:\apache-maven-3.5.2\bin\..\bin\m2.conf -Dmaven.home=D:\apache-maven-3.5.2\bin\.. -Dlibrary.jansi.path=D:\apache-maven-3.5.2\bin\..\lib\jansi-native -Dmaven.multiModuleProjectDirectory=D:\Project\microservices 
java_command: org.codehaus.plexus.classworlds.launcher.Launcher spring-boot:run
java_class_path (initial): D:\apache-maven-3.5.2\bin\..\boot\plexus-classworlds-2.5.2.jar
Launcher Type: SUN_STANDARD

Environment Variables:
JAVA_HOME=C:\Program Files\Java\jdk1.8.0_131
PATH=C:\ProgramData\Oracle\Java\javapath;C:\Program Files (x86)\Intel\iCLS Client\;C:\Program Files\Intel\iCLS Client\;C:\Windows\system32;C:\Windows;C:\Windows\System32\Wbem;C:\Windows\System32\WindowsPowerShell\v1.0\;C:\Program Files\Intel\WiFi\bin\;C:\Program Files\Common Files\Intel\WirelessCommon\;C:\Program Files (x86)\Intel\Intel(R) Management Engine Components\DAL;C:\Program Files\Intel\Intel(R) Management Engine Components\DAL;C:\Program Files (x86)\Intel\Intel(R) Management Engine Components\IPT;C:\Program Files\Intel\Intel(R) Management Engine Components\IPT;C:\Program Files\Java\jdk1.8.0_131;C:\Program Files (x86)\Git\cmd;C:\Program Files (x86)\GitExtensions\;C:\Program Files\Java\jdk1.8.0_131;D:\apache-maven-3.5.2\bin;C:\Program Files\nodejs\;C:\Program Files (x86)\Skype\Phone\;C:\Program Files\Microsoft SQL Server\120\DTS\Binn\;C:\Program Files\Microsoft SQL Server\Client SDK\ODBC\110\Tools\Binn\;C:\Program Files (x86)\Microsoft SQL Server\120\Tools\Binn\;C:\Program Files\Microsoft SQL Server\120\Tools\Binn\;C:\Program Files (x86)\Microsoft SQL Server\120\Tools\Binn\ManagementStudio\;C:\Program Files (x86)\Microsoft SQL Server\120\DTS\Binn\;%RABBITMQ_CONF_ENV_FILE%;C:\Program Files\TortoiseSVN\bin;C:\Program Files (x86)\SQL Anywhere 12\bin32;C:\Program Files\SQL Anywhere 12\bin64;C:\Program Files\SQL Anywhere 12\bin32;C:\Program Files\RabbitMQ Server\rabbitmq_server-3.7.0\sbin;C:\Users\shevchenko_d\AppData\Roaming\npm
USERNAME=shevchenko_d
OS=Windows_NT
PROCESSOR_IDENTIFIER=Intel64 Family 6 Model 78 Stepping 3, GenuineIntel



---------------  S Y S T E M  ---------------

OS: Windows 7 , 64 bit Build 7601 (6.1.7601.23915)

CPU:total 4 (initial active 4) (2 cores per cpu, 2 threads per core) family 6 model 78 stepping 3, cmov, cx8, fxsr, mmx, sse, sse2, sse3, ssse3, sse4.1, sse4.2, popcnt, avx, avx2, aes, clmul, erms, rtm, 3dnowpref, lzcnt, ht, tsc, tscinvbit, bmi1, bmi2, adx

Memory: 4k page, physical 8202144k(840004k free), swap 10297436k(13976k free)

vm_info: Java HotSpot(TM) 64-Bit Server VM (25.131-b11) for windows-amd64 JRE (1.8.0_131-b11), built on Mar 15 2017 01:23:53 by "java_re" with MS VC++ 10.0 (VS2010)

time: Sat Jan 06 23:39:56 2018
elapsed time: 7 seconds (0d 0h 0m 7s)

