#
# There is insufficient memory for the Java Runtime Environment to continue.
# Native memory allocation (malloc) failed to allocate 1808176 bytes for Chunk::new
# Possible reasons:
#   The system is out of physical RAM or swap space
#   In 32 bit mode, the process size limit was hit
# Possible solutions:
#   Reduce memory load on the system
#   Increase physical memory or swap space
#   Check if swap backing store is full
#   Use 64 bit Java on a 64 bit OS
#   Decrease Java heap size (-Xmx/-Xms)
#   Decrease number of Java threads
#   Decrease Java thread stack sizes (-Xss)
#   Set larger code cache with -XX:ReservedCodeCacheSize=
# This output file may be truncated or incomplete.
#
#  Out of Memory Error (allocation.cpp:390), pid=5572, tid=0x00000000000019f0
#
# JRE version: Java(TM) SE Runtime Environment (8.0_131-b11) (build 1.8.0_131-b11)
# Java VM: Java HotSpot(TM) 64-Bit Server VM (25.131-b11 mixed mode windows-amd64 compressed oops)
# Failed to write core dump. Minidumps are not enabled by default on client versions of Windows
#

---------------  T H R E A D  ---------------

Current thread (0x0000000058905000):  JavaThread "C2 CompilerThread0" daemon [_thread_in_native, id=6640, stack(0x0000000059170000,0x0000000059270000)]

Stack: [0x0000000059170000,0x0000000059270000]
[error occurred during error reporting (printing stack bounds), id 0xc0000005]

Native frames: (J=compiled Java code, j=interpreted, Vv=VM code, C=native code)


Current CompileTask:
C2:  28147 6911       4       com.sun.beans.TypeResolver::resolve (37 bytes)


---------------  P R O C E S S  ---------------

Java Threads: ( => current thread )
  0x000000005d096000 JavaThread "RxIoScheduler-1 (Evictor)" daemon [_thread_blocked, id=7840, stack(0x000000005f320000,0x000000005f420000)]
  0x000000005d095800 JavaThread "container-0" [_thread_blocked, id=4392, stack(0x0000000062d40000,0x0000000062e40000)]
  0x000000005d094800 JavaThread "ContainerBackgroundProcessor[StandardEngine[Tomcat]]" daemon [_thread_blocked, id=12264, stack(0x0000000062b80000,0x0000000062c80000)]
  0x000000005d094000 JavaThread "spring.cloud.inetutils" daemon [_thread_blocked, id=11268, stack(0x0000000061690000,0x0000000061790000)]
  0x000000005d093000 JavaThread "localhost-startStop-1" daemon [_thread_blocked, id=8184, stack(0x000000005ef80000,0x000000005f080000)]
  0x000000005d092800 JavaThread "Tomcat-startStop-1" daemon [_thread_blocked, id=10424, stack(0x000000005ed00000,0x000000005ee00000)]
  0x000000005a377800 JavaThread "main" [_thread_in_Java, id=8616, stack(0x000000005c8f0000,0x000000005c9f0000)]
  0x000000005759d000 JavaThread "Service Thread" daemon [_thread_blocked, id=7460, stack(0x0000000058f00000,0x0000000059000000)]
  0x000000005890b000 JavaThread "C1 CompilerThread2" daemon [_thread_blocked, id=12204, stack(0x0000000059470000,0x0000000059570000)]
  0x0000000058909000 JavaThread "C2 CompilerThread1" daemon [_thread_in_native, id=8236, stack(0x00000000592a0000,0x00000000593a0000)]
=>0x0000000058905000 JavaThread "C2 CompilerThread0" daemon [_thread_in_native, id=6640, stack(0x0000000059170000,0x0000000059270000)]
  0x0000000058901800 JavaThread "Attach Listener" daemon [_thread_blocked, id=9028, stack(0x0000000059060000,0x0000000059160000)]
  0x0000000058900800 JavaThread "Signal Dispatcher" daemon [_thread_blocked, id=9576, stack(0x0000000058e00000,0x0000000058f00000)]
  0x0000000057574000 JavaThread "Finalizer" daemon [_thread_blocked, id=6048, stack(0x0000000058740000,0x0000000058840000)]
  0x0000000057532800 JavaThread "Reference Handler" daemon [_thread_blocked, id=12032, stack(0x00000000585d0000,0x00000000586d0000)]
  0x0000000001de9000 JavaThread "main" [_thread_blocked, id=10324, stack(0x0000000002430000,0x0000000002530000)]

Other Threads:
  0x000000005752b000 VMThread [stack: 0x00000000584b0000,0x00000000585b0000] [id=4588]
  0x000000005899e800 WatcherThread [stack: 0x00000000595f0000,0x00000000596f0000] [id=8400]

VM state:not at safepoint (normal execution)

VM Mutex/Monitor currently owned by a thread: None

Heap:
 PSYoungGen      total 236032K, used 201846K [0x00000000d6400000, 0x00000000e5f80000, 0x0000000100000000)
  eden space 214528K, 87% used [0x00000000d6400000,0x00000000e1c45008,0x00000000e3580000)
  from space 21504K, 61% used [0x00000000e3580000,0x00000000e4258a48,0x00000000e4a80000)
  to   space 20480K, 0% used [0x00000000e4b80000,0x00000000e4b80000,0x00000000e5f80000)
 ParOldGen       total 77824K, used 44876K [0x0000000082c00000, 0x0000000087800000, 0x00000000d6400000)
  object space 77824K, 57% used [0x0000000082c00000,0x00000000857d3350,0x0000000087800000)
 Metaspace       used 50594K, capacity 51388K, committed 51840K, reserved 1095680K
  class space    used 6275K, capacity 6503K, committed 6528K, reserved 1048576K

Card table byte_map: [0x0000000011bc0000,0x0000000011fb0000] byte_map_base: 0x00000000117aa000

Marking Bits: (ParMarkBitMap*) 0x000000006619c720
 Begin Bits: [0x0000000012910000, 0x0000000014860000)
 End Bits:   [0x0000000014860000, 0x00000000167b0000)

Polling page: 0x00000000001c0000

CodeCache: size=245760Kb used=21837Kb max_used=22099Kb free=223922Kb
 bounds [0x0000000002800000, 0x0000000003db0000, 0x0000000011800000]
 total_blobs=6472 nmethods=6007 adapters=377
 compilation: enabled

Compilation events (10 events):
Event: 28.107 Thread 0x000000005890b000 7139       2       org.springframework.beans.factory.support.AbstractBeanFactory::containsBean (72 bytes)
Event: 28.108 Thread 0x000000005890b000 nmethod 7139 0x0000000003630d50 code [0x0000000003630f20, 0x0000000003631338]
Event: 28.112 Thread 0x000000005890b000 7140       2       org.springframework.context.annotation.ConfigurationClassPostProcessor$ImportAwareBeanPostProcessor::postProcessPropertyValues (22 bytes)
Event: 28.113 Thread 0x000000005890b000 nmethod 7140 0x00000000035d1690 code [0x00000000035d1800, 0x00000000035d1a28]
Event: 28.117 Thread 0x000000005890b000 7141       2       org.springframework.context.annotation.ConfigurationClassPostProcessor$ImportAwareBeanPostProcessor::postProcessBeforeInitialization (61 bytes)
Event: 28.118 Thread 0x000000005890b000 nmethod 7141 0x00000000035d0ed0 code [0x00000000035d1080, 0x00000000035d1428]
Event: 28.122 Thread 0x000000005890b000 7142       2       org.springframework.cglib.core.CodeEmitter::throw_exception (27 bytes)
Event: 28.123 Thread 0x000000005890b000 nmethod 7142 0x00000000035d0350 code [0x00000000035d0520, 0x00000000035d0a08]
Event: 28.127 Thread 0x000000005890b000 7143       2       org.springframework.core.MethodParameter::adaptAnnotationArray (2 bytes)
Event: 28.127 Thread 0x000000005890b000 nmethod 7143 0x00000000039c8e90 code [0x00000000039c8fe0, 0x00000000039c9130]

GC Heap History (10 events):
Event: 18.187 GC heap before
{Heap before GC invocations=11 (full 2):
 PSYoungGen      total 123392K, used 118272K [0x00000000d6400000, 0x00000000e6800000, 0x0000000100000000)
  eden space 118272K, 100% used [0x00000000d6400000,0x00000000dd780000,0x00000000dd780000)
  from space 5120K, 0% used [0x00000000de900000,0x00000000de900000,0x00000000dee00000)
  to   space 17920K, 0% used [0x00000000dd780000,0x00000000dd780000,0x00000000de900000)
 ParOldGen       total 77824K, used 28486K [0x0000000082c00000, 0x0000000087800000, 0x00000000d6400000)
  object space 77824K, 36% used [0x0000000082c00000,0x00000000847d18c8,0x0000000087800000)
 Metaspace       used 36654K, capacity 37334K, committed 37504K, reserved 1081344K
  class space    used 4501K, capacity 4710K, committed 4736K, reserved 1048576K
Event: 18.194 GC heap after
Heap after GC invocations=11 (full 2):
 PSYoungGen      total 136192K, used 5641K [0x00000000d6400000, 0x00000000e2400000, 0x0000000100000000)
  eden space 118272K, 0% used [0x00000000d6400000,0x00000000d6400000,0x00000000dd780000)
  from space 17920K, 31% used [0x00000000dd780000,0x00000000ddd02700,0x00000000de900000)
  to   space 17408K, 0% used [0x00000000e1300000,0x00000000e1300000,0x00000000e2400000)
 ParOldGen       total 77824K, used 28494K [0x0000000082c00000, 0x0000000087800000, 0x00000000d6400000)
  object space 77824K, 36% used [0x0000000082c00000,0x00000000847d38c8,0x0000000087800000)
 Metaspace       used 36654K, capacity 37334K, committed 37504K, reserved 1081344K
  class space    used 4501K, capacity 4710K, committed 4736K, reserved 1048576K
}
Event: 20.007 GC heap before
{Heap before GC invocations=12 (full 2):
 PSYoungGen      total 136192K, used 123913K [0x00000000d6400000, 0x00000000e2400000, 0x0000000100000000)
  eden space 118272K, 100% used [0x00000000d6400000,0x00000000dd780000,0x00000000dd780000)
  from space 17920K, 31% used [0x00000000dd780000,0x00000000ddd02700,0x00000000de900000)
  to   space 17408K, 0% used [0x00000000e1300000,0x00000000e1300000,0x00000000e2400000)
 ParOldGen       total 77824K, used 28494K [0x0000000082c00000, 0x0000000087800000, 0x00000000d6400000)
  object space 77824K, 36% used [0x0000000082c00000,0x00000000847d38c8,0x0000000087800000)
 Metaspace       used 42213K, capacity 43010K, committed 43392K, reserved 1087488K
  class space    used 5218K, capacity 5432K, committed 5504K, reserved 1048576K
Event: 20.063 GC heap after
Heap after GC invocations=12 (full 2):
 PSYoungGen      total 178176K, used 11321K [0x00000000d6400000, 0x00000000e2380000, 0x0000000100000000)
  eden space 161280K, 0% used [0x00000000d6400000,0x00000000d6400000,0x00000000e0180000)
  from space 16896K, 67% used [0x00000000e1300000,0x00000000e1e0e4f8,0x00000000e2380000)
  to   space 17408K, 0% used [0x00000000e0180000,0x00000000e0180000,0x00000000e1280000)
 ParOldGen       total 77824K, used 28502K [0x0000000082c00000, 0x0000000087800000, 0x00000000d6400000)
  object space 77824K, 36% used [0x0000000082c00000,0x00000000847d58c8,0x0000000087800000)
 Metaspace       used 42213K, capacity 43010K, committed 43392K, reserved 1087488K
  class space    used 5218K, capacity 5432K, committed 5504K, reserved 1048576K
}
Event: 22.670 GC heap before
{Heap before GC invocations=13 (full 2):
 PSYoungGen      total 178176K, used 172601K [0x00000000d6400000, 0x00000000e2380000, 0x0000000100000000)
  eden space 161280K, 100% used [0x00000000d6400000,0x00000000e0180000,0x00000000e0180000)
  from space 16896K, 67% used [0x00000000e1300000,0x00000000e1e0e4f8,0x00000000e2380000)
  to   space 17408K, 0% used [0x00000000e0180000,0x00000000e0180000,0x00000000e1280000)
 ParOldGen       total 77824K, used 28502K [0x0000000082c00000, 0x0000000087800000, 0x00000000d6400000)
  object space 77824K, 36% used [0x0000000082c00000,0x00000000847d58c8,0x0000000087800000)
 Metaspace       used 46202K, capacity 46976K, committed 47488K, reserved 1091584K
  class space    used 5688K, capacity 5917K, committed 6016K, reserved 1048576K
Event: 22.692 GC heap after
Heap after GC invocations=13 (full 2):
 PSYoungGen      total 178688K, used 17378K [0x00000000d6400000, 0x00000000e6100000, 0x0000000100000000)
  eden space 161280K, 0% used [0x00000000d6400000,0x00000000d6400000,0x00000000e0180000)
  from space 17408K, 99% used [0x00000000e0180000,0x00000000e1278bd0,0x00000000e1280000)
  to   space 22016K, 0% used [0x00000000e4b80000,0x00000000e4b80000,0x00000000e6100000)
 ParOldGen       total 77824K, used 35427K [0x0000000082c00000, 0x0000000087800000, 0x00000000d6400000)
  object space 77824K, 45% used [0x0000000082c00000,0x0000000084e98d28,0x0000000087800000)
 Metaspace       used 46202K, capacity 46976K, committed 47488K, reserved 1091584K
  class space    used 5688K, capacity 5917K, committed 6016K, reserved 1048576K
}
Event: 24.869 GC heap before
{Heap before GC invocations=14 (full 2):
 PSYoungGen      total 178688K, used 178658K [0x00000000d6400000, 0x00000000e6100000, 0x0000000100000000)
  eden space 161280K, 100% used [0x00000000d6400000,0x00000000e0180000,0x00000000e0180000)
  from space 17408K, 99% used [0x00000000e0180000,0x00000000e1278bd0,0x00000000e1280000)
  to   space 22016K, 0% used [0x00000000e4b80000,0x00000000e4b80000,0x00000000e6100000)
 ParOldGen       total 77824K, used 35427K [0x0000000082c00000, 0x0000000087800000, 0x00000000d6400000)
  object space 77824K, 45% used [0x0000000082c00000,0x0000000084e98d28,0x0000000087800000)
 Metaspace       used 47968K, capacity 48708K, committed 49280K, reserved 1091584K
  class space    used 5942K, capacity 6147K, committed 6272K, reserved 1048576K
Event: 24.922 GC heap after
Heap after GC invocations=14 (full 2):
 PSYoungGen      total 235008K, used 8022K [0x00000000d6400000, 0x00000000e5f80000, 0x0000000100000000)
  eden space 214528K, 0% used [0x00000000d6400000,0x00000000d6400000,0x00000000e3580000)
  from space 20480K, 39% used [0x00000000e4b80000,0x00000000e5355a78,0x00000000e5f80000)
  to   space 21504K, 0% used [0x00000000e3580000,0x00000000e3580000,0x00000000e4a80000)
 ParOldGen       total 77824K, used 42420K [0x0000000082c00000, 0x0000000087800000, 0x00000000d6400000)
  object space 77824K, 54% used [0x0000000082c00000,0x000000008556d340,0x0000000087800000)
 Metaspace       used 47968K, capacity 48708K, committed 49280K, reserved 1091584K
  class space    used 5942K, capacity 6147K, committed 6272K, reserved 1048576K
}
Event: 26.753 GC heap before
{Heap before GC invocations=15 (full 2):
 PSYoungGen      total 235008K, used 222550K [0x00000000d6400000, 0x00000000e5f80000, 0x0000000100000000)
  eden space 214528K, 100% used [0x00000000d6400000,0x00000000e3580000,0x00000000e3580000)
  from space 20480K, 39% used [0x00000000e4b80000,0x00000000e5355a78,0x00000000e5f80000)
  to   space 21504K, 0% used [0x00000000e3580000,0x00000000e3580000,0x00000000e4a80000)
 ParOldGen       total 77824K, used 42420K [0x0000000082c00000, 0x0000000087800000, 0x00000000d6400000)
  object space 77824K, 54% used [0x0000000082c00000,0x000000008556d340,0x0000000087800000)
 Metaspace       used 49374K, capacity 50192K, committed 50688K, reserved 1093632K
  class space    used 6122K, capacity 6341K, committed 6400K, reserved 1048576K
Event: 26.878 GC heap after
Heap after GC invocations=15 (full 2):
 PSYoungGen      total 236032K, used 13154K [0x00000000d6400000, 0x00000000e5f80000, 0x0000000100000000)
  eden space 214528K, 0% used [0x00000000d6400000,0x00000000d6400000,0x00000000e3580000)
  from space 21504K, 61% used [0x00000000e3580000,0x00000000e4258a48,0x00000000e4a80000)
  to   space 20480K, 0% used [0x00000000e4b80000,0x00000000e4b80000,0x00000000e5f80000)
 ParOldGen       total 77824K, used 44876K [0x0000000082c00000, 0x0000000087800000, 0x00000000d6400000)
  object space 77824K, 57% used [0x0000000082c00000,0x00000000857d3350,0x0000000087800000)
 Metaspace       used 49374K, capacity 50192K, committed 50688K, reserved 1093632K
  class space    used 6122K, capacity 6341K, committed 6400K, reserved 1048576K
}

Deoptimization events (10 events):
Event: 24.702 Thread 0x000000005a377800 Uncommon trap: reason=unstable_if action=reinterpret pc=0x00000000037d7b10 method=java.util.concurrent.ConcurrentHashMap.get(Ljava/lang/Object;)Ljava/lang/Object; @ 86
Event: 24.923 Thread 0x000000005a377800 Uncommon trap: reason=null_check action=make_not_entrant pc=0x0000000002b578e4 method=java.util.WeakHashMap.eq(Ljava/lang/Object;Ljava/lang/Object;)Z @ 7
Event: 24.923 Thread 0x000000005a377800 Uncommon trap: reason=unstable_if action=reinterpret pc=0x0000000003a451a8 method=java.util.WeakHashMap.eq(Ljava/lang/Object;Ljava/lang/Object;)Z @ 10
Event: 24.923 Thread 0x000000005a377800 Uncommon trap: reason=bimorphic action=maybe_recompile pc=0x00000000030fc7d0 method=java.util.WeakHashMap.eq(Ljava/lang/Object;Ljava/lang/Object;)Z @ 7
Event: 25.350 Thread 0x000000005a377800 Uncommon trap: reason=bimorphic action=maybe_recompile pc=0x00000000036663dc method=java.util.Collections$UnmodifiableMap$UnmodifiableEntrySet$1.<init>(Ljava/util/Collections$UnmodifiableMap$UnmodifiableEntrySet;)V @ 17
Event: 25.530 Thread 0x000000005a377800 Uncommon trap: reason=unloaded action=reinterpret pc=0x0000000003b14a74 method=org.aspectj.apache.bcel.classfile.Attribute.readAttribute(Ljava/io/DataInputStream;Lorg/aspectj/apache/bcel/classfile/ConstantPool;)Lorg/aspectj/apache/bcel/classfile/Attribute
Event: 25.606 Thread 0x000000005a377800 Uncommon trap: reason=unstable_if action=reinterpret pc=0x0000000003c56f00 method=java.lang.reflect.Executable.printModifiersIfNonzero(Ljava/lang/StringBuilder;IZ)V @ 14
Event: 26.922 Thread 0x000000005a377800 Uncommon trap: reason=unstable_if action=reinterpret pc=0x000000000373d744 method=org.springframework.beans.factory.support.AbstractBeanFactory.isTypeMatch(Ljava/lang/String;Lorg/springframework/core/ResolvableType;)Z @ 478
Event: 26.956 Thread 0x000000005a377800 Uncommon trap: reason=unstable_if action=reinterpret pc=0x0000000003969bdc method=org.springframework.util.StringUtils.collectionToDelimitedString(Ljava/util/Collection;Ljava/lang/String;Ljava/lang/String;Ljava/lang/String;)Ljava/lang/String; @ 4
Event: 27.733 Thread 0x000000005a377800 Uncommon trap: reason=unstable_if action=reinterpret pc=0x0000000003c32ca8 method=java.io.WinNTFileSystem.prefixLength(Ljava/lang/String;)I @ 25

Internal exceptions (10 events):
Event: 28.112 Thread 0x000000005a377800 Exception <a 'java/lang/ClassNotFoundException': org/springframework/cloud/config/client/ConfigServerHealthIndicatorCustomizer> (0x00000000e161b438) thrown at [C:\re\workspace\8-2-build-windows-amd64-cygwin\jdk8u131\8869\hotspot\src\share\vm\classfile\sys
Event: 28.112 Thread 0x000000005a377800 Exception <a 'java/lang/ClassNotFoundException': org/springframework/boot/actuate/health/HealthIndicatorCustomizer> (0x00000000e163e930) thrown at [C:\re\workspace\8-2-build-windows-amd64-cygwin\jdk8u131\8869\hotspot\src\share\vm\classfile\systemDictionar
Event: 28.115 Thread 0x000000005a377800 Exception <a 'java/lang/ClassNotFoundException': java/lang/ObjectCustomizer> (0x00000000e16865f0) thrown at [C:\re\workspace\8-2-build-windows-amd64-cygwin\jdk8u131\8869\hotspot\src\share\vm\classfile\systemDictionary.cpp, line 210]
Event: 28.116 Thread 0x000000005a377800 Exception <a 'java/lang/ClassNotFoundException': org/springframework/cloud/netflix/hystrix/HystrixAutoConfigurationCustomizer> (0x00000000e16b0220) thrown at [C:\re\workspace\8-2-build-windows-amd64-cygwin\jdk8u131\8869\hotspot\src\share\vm\classfile\syst
Event: 28.116 Thread 0x000000005a377800 Exception <a 'java/lang/ClassNotFoundException': org/springframework/cloud/netflix/hystrix/HystrixAutoConfiguration$$EnhancerBySpringCGLIB$$917039c4Customizer> (0x00000000e16e4280) thrown at [C:\re\workspace\8-2-build-windows-amd64-cygwin\jdk8u131\8869\ho
Event: 28.117 Thread 0x000000005a377800 Exception <a 'java/lang/ClassNotFoundException': org/springframework/context/annotation/ConfigurationClassEnhancer$EnhancedConfigurationCustomizer> (0x00000000e17187a0) thrown at [C:\re\workspace\8-2-build-windows-amd64-cygwin\jdk8u131\8869\hotspot\src\sh
Event: 28.124 Thread 0x000000005a377800 Exception <a 'java/lang/ClassNotFoundException': java/lang/ObjectCustomizer> (0x00000000e18651c0) thrown at [C:\re\workspace\8-2-build-windows-amd64-cygwin\jdk8u131\8869\hotspot\src\share\vm\classfile\systemDictionary.cpp, line 210]
Event: 28.124 Thread 0x000000005a377800 Exception <a 'java/lang/ClassNotFoundException': org/springframework/boot/actuate/health/AbstractHealthIndicatorCustomizer> (0x00000000e188d658) thrown at [C:\re\workspace\8-2-build-windows-amd64-cygwin\jdk8u131\8869\hotspot\src\share\vm\classfile\systemD
Event: 28.125 Thread 0x000000005a377800 Exception <a 'java/lang/ClassNotFoundException': org/springframework/cloud/netflix/hystrix/HystrixHealthIndicatorCustomizer> (0x00000000e18b3258) thrown at [C:\re\workspace\8-2-build-windows-amd64-cygwin\jdk8u131\8869\hotspot\src\share\vm\classfile\system
Event: 28.126 Thread 0x000000005a377800 Exception <a 'java/lang/ClassNotFoundException': org/springframework/boot/actuate/health/HealthIndicatorCustomizer> (0x00000000e18d6740) thrown at [C:\re\workspace\8-2-build-windows-amd64-cygwin\jdk8u131\8869\hotspot\src\share\vm\classfile\systemDictionar

Events (10 events):
Event: 28.125 loading class org/springframework/cloud/netflix/hystrix/HystrixHealthIndicatorCustomizer
Event: 28.125 loading class org/springframework/cloud/netflix/hystrix/HystrixHealthIndicatorCustomizer done
Event: 28.125 loading class org/springframework/cloud/netflix/hystrix/HystrixHealthIndicatorCustomizer
Event: 28.125 loading class org/springframework/cloud/netflix/hystrix/HystrixHealthIndicatorCustomizer done
Event: 28.125 loading class org/springframework/boot/actuate/health/HealthIndicatorCustomizer
Event: 28.125 loading class org/springframework/boot/actuate/health/HealthIndicatorCustomizer done
Event: 28.125 loading class org/springframework/boot/actuate/health/HealthIndicatorCustomizer
Event: 28.125 loading class org/springframework/boot/actuate/health/HealthIndicatorCustomizer done
Event: 28.126 loading class org/springframework/boot/actuate/health/HealthIndicatorCustomizer
Event: 28.126 loading class org/springframework/boot/actuate/health/HealthIndicatorCustomizer done


Dynamic libraries:
0x000000013f430000 - 0x000000013f467000 	C:\Program Files\Java\jdk1.8.0_131\bin\java.exe
0x0000000077340000 - 0x00000000774ea000 	C:\Windows\SYSTEM32\ntdll.dll
0x0000000077220000 - 0x000000007733f000 	C:\Windows\system32\kernel32.dll
0x000007fefd310000 - 0x000007fefd37a000 	C:\Windows\system32\KERNELBASE.dll
0x000007fefe310000 - 0x000007fefe3eb000 	C:\Windows\system32\ADVAPI32.dll
0x000007fefd420000 - 0x000007fefd4bf000 	C:\Windows\system32\msvcrt.dll
0x000007fefd3f0000 - 0x000007fefd40f000 	C:\Windows\SYSTEM32\sechost.dll
0x000007fefdde0000 - 0x000007fefdf0d000 	C:\Windows\system32\RPCRT4.dll
0x0000000077120000 - 0x000000007721a000 	C:\Windows\system32\USER32.dll
0x000007fefe2a0000 - 0x000007fefe307000 	C:\Windows\system32\GDI32.dll
0x000007fefd410000 - 0x000007fefd41e000 	C:\Windows\system32\LPK.dll
0x000007feff3a0000 - 0x000007feff46b000 	C:\Windows\system32\USP10.dll
0x000007fefb4c0000 - 0x000007fefb6b4000 	C:\Windows\WinSxS\amd64_microsoft.windows.common-controls_6595b64144ccf1df_6.0.7601.18837_none_fa3b1e3d17594757\COMCTL32.dll
0x000007fefd930000 - 0x000007fefd9a1000 	C:\Windows\system32\SHLWAPI.dll
0x000007fefd800000 - 0x000007fefd82e000 	C:\Windows\system32\IMM32.DLL
0x000007fefe410000 - 0x000007fefe519000 	C:\Windows\system32\MSCTF.dll
0x000000006fae0000 - 0x000000006fbb2000 	C:\Program Files\Java\jdk1.8.0_131\jre\bin\msvcr100.dll
0x0000000065980000 - 0x000000006621c000 	C:\Program Files\Java\jdk1.8.0_131\jre\bin\server\jvm.dll
0x000007fef7b20000 - 0x000007fef7b29000 	C:\Windows\system32\WSOCK32.dll
0x000007fefe520000 - 0x000007fefe56d000 	C:\Windows\system32\WS2_32.dll
0x000007fefd7f0000 - 0x000007fefd7f8000 	C:\Windows\system32\NSI.dll
0x000007fefb440000 - 0x000007fefb47b000 	C:\Windows\system32\WINMM.dll
0x000007fefc0e0000 - 0x000007fefc0ec000 	C:\Windows\system32\VERSION.dll
0x0000000077500000 - 0x0000000077507000 	C:\Windows\system32\PSAPI.DLL
0x0000000073740000 - 0x000000007374f000 	C:\Program Files\Java\jdk1.8.0_131\jre\bin\verify.dll
0x0000000073710000 - 0x0000000073739000 	C:\Program Files\Java\jdk1.8.0_131\jre\bin\java.dll
0x00000000736f0000 - 0x0000000073706000 	C:\Program Files\Java\jdk1.8.0_131\jre\bin\zip.dll
0x000007fefe570000 - 0x000007feff2fa000 	C:\Windows\system32\SHELL32.dll
0x000007fefdf10000 - 0x000007fefe10c000 	C:\Windows\system32\ole32.dll
0x000007fefd030000 - 0x000007fefd03f000 	C:\Windows\system32\profapi.dll
0x000007fee3930000 - 0x000007fee393a000 	D:\apache-maven-3.5.2\lib\jansi-native\windows64\jansi.dll
0x00000000736d0000 - 0x00000000736ea000 	C:\Program Files\Java\jdk1.8.0_131\jre\bin\net.dll
0x000007fefc800000 - 0x000007fefc855000 	C:\Windows\system32\mswsock.dll
0x000007fefc7f0000 - 0x000007fefc7f7000 	C:\Windows\System32\wship6.dll
0x00000000736b0000 - 0x00000000736c1000 	C:\Program Files\Java\jdk1.8.0_131\jre\bin\nio.dll
0x000007fefa120000 - 0x000007fefa147000 	C:\Windows\system32\IPHLPAPI.DLL
0x000007fefa110000 - 0x000007fefa11b000 	C:\Windows\system32\WINNSI.DLL
0x000007fef9d30000 - 0x000007fef9d48000 	C:\Windows\system32\dhcpcsvc.DLL
0x000007fef9ca0000 - 0x000007fef9cb1000 	C:\Windows\system32\dhcpcsvc6.DLL
0x000007fefc680000 - 0x000007fefc6db000 	C:\Windows\system32\DNSAPI.dll
0x000007fefc1b0000 - 0x000007fefc1b7000 	C:\Windows\System32\wshtcpip.dll
0x000007fee6e80000 - 0x000007fee6e88000 	C:\Windows\system32\rasadhlp.dll
0x000007fef9f40000 - 0x000007fef9f93000 	C:\Windows\System32\fwpuclnt.dll
0x0000000073750000 - 0x000000007375d000 	C:\Program Files\Java\jdk1.8.0_131\jre\bin\management.dll
0x000007fefb740000 - 0x000007fefb755000 	C:\Windows\system32\NLAapi.dll
0x000007feead00000 - 0x000007feead15000 	C:\Windows\system32\napinsp.dll
0x000007feeace0000 - 0x000007feeacf9000 	C:\Windows\system32\pnrpnsp.dll
0x000007feeacd0000 - 0x000007feeacdb000 	C:\Windows\System32\winrnr.dll
0x000007feeacc0000 - 0x000007feeacd0000 	C:\Windows\system32\wshbth.dll
0x000007fefc860000 - 0x000007fefc878000 	C:\Windows\system32\CRYPTSP.dll
0x000007fefc560000 - 0x000007fefc5a7000 	C:\Windows\system32\rsaenh.dll
0x000007fefd240000 - 0x000007fefd25e000 	C:\Windows\system32\USERENV.dll
0x000007fefced0000 - 0x000007fefcedf000 	C:\Windows\system32\CRYPTBASE.dll

VM Arguments:
jvm_args: -Dclassworlds.conf=D:\apache-maven-3.5.2\bin\..\bin\m2.conf -Dmaven.home=D:\apache-maven-3.5.2\bin\.. -Dlibrary.jansi.path=D:\apache-maven-3.5.2\bin\..\lib\jansi-native -Dmaven.multiModuleProjectDirectory=D:\Project\microservices 
java_command: org.codehaus.plexus.classworlds.launcher.Launcher spring-boot:run
java_class_path (initial): D:\apache-maven-3.5.2\bin\..\boot\plexus-classworlds-2.5.2.jar
Launcher Type: SUN_STANDARD

Environment Variables:
JAVA_HOME=C:\Program Files\Java\jdk1.8.0_131
PATH=C:\ProgramData\Oracle\Java\javapath;C:\Program Files (x86)\Intel\iCLS Client\;C:\Program Files\Intel\iCLS Client\;C:\Windows\system32;C:\Windows;C:\Windows\System32\Wbem;C:\Windows\System32\WindowsPowerShell\v1.0\;C:\Program Files\Intel\WiFi\bin\;C:\Program Files\Common Files\Intel\WirelessCommon\;C:\Program Files (x86)\Intel\Intel(R) Management Engine Components\DAL;C:\Program Files\Intel\Intel(R) Management Engine Components\DAL;C:\Program Files (x86)\Intel\Intel(R) Management Engine Components\IPT;C:\Program Files\Intel\Intel(R) Management Engine Components\IPT;C:\Program Files\Java\jdk1.8.0_131;C:\Program Files (x86)\Git\cmd;C:\Program Files (x86)\GitExtensions\;C:\Program Files\Java\jdk1.8.0_131;D:\apache-maven-3.5.2\bin;C:\Program Files\nodejs\;C:\Program Files (x86)\Skype\Phone\;C:\Program Files\Microsoft SQL Server\120\DTS\Binn\;C:\Program Files\Microsoft SQL Server\Client SDK\ODBC\110\Tools\Binn\;C:\Program Files (x86)\Microsoft SQL Server\120\Tools\Binn\;C:\Program Files\Microsoft SQL Server\120\Tools\Binn\;C:\Program Files (x86)\Microsoft SQL Server\120\Tools\Binn\ManagementStudio\;C:\Program Files (x86)\Microsoft SQL Server\120\DTS\Binn\;%RABBITMQ_CONF_ENV_FILE%;C:\Program Files\TortoiseSVN\bin;C:\Program Files (x86)\SQL Anywhere 12\bin32;C:\Program Files\SQL Anywhere 12\bin64;C:\Program Files\SQL Anywhere 12\bin32;C:\Program Files\RabbitMQ Server\rabbitmq_server-3.7.0\sbin;C:\Users\shevchenko_d\AppData\Roaming\npm
USERNAME=shevchenko_d
OS=Windows_NT
PROCESSOR_IDENTIFIER=Intel64 Family 6 Model 78 Stepping 3, GenuineIntel



---------------  S Y S T E M  ---------------

OS: Windows 7 , 64 bit Build 7601 (6.1.7601.23915)

CPU:total 4 (initial active 4) (2 cores per cpu, 2 threads per core) family 6 model 78 stepping 3, cmov, cx8, fxsr, mmx, sse, sse2, sse3, ssse3, sse4.1, sse4.2, popcnt, avx, avx2, aes, clmul, erms, rtm, 3dnowpref, lzcnt, ht, tsc, tscinvbit, bmi1, bmi2, adx

Memory: 4k page, physical 8202144k(517256k free), swap 10297436k(5100k free)

vm_info: Java HotSpot(TM) 64-Bit Server VM (25.131-b11) for windows-amd64 JRE (1.8.0_131-b11), built on Mar 15 2017 01:23:53 by "java_re" with MS VC++ 10.0 (VS2010)

time: Mon Jan 08 00:42:55 2018
elapsed time: 28 seconds (0d 0h 0m 28s)

